\BOOKMARK [1][-]{section.1}{General Description}{}% 1
\BOOKMARK [2][-]{subsection.1.1}{context}{section.1}% 2
\BOOKMARK [2][-]{subsection.1.2}{Components}{section.1}% 3
\BOOKMARK [2][-]{subsection.1.3}{Software Overview}{section.1}% 4
\BOOKMARK [1][-]{section.2}{Configuration}{}% 5
\BOOKMARK [2][-]{subsection.2.1}{Visit Configuration}{section.2}% 6
\BOOKMARK [1][-]{section.3}{Source Simulator}{}% 7
\BOOKMARK [2][-]{subsection.3.1}{Field of View and Stellar Flux: StarProducer}{section.3}% 8
\BOOKMARK [3][-]{subsubsection.3.1.1}{Field of View}{subsection.3.1}% 9
\BOOKMARK [3][-]{subsubsection.3.1.2}{Star Field}{subsection.3.1}% 10
\BOOKMARK [3][-]{subsubsection.3.1.3}{Background Star Field}{subsection.3.1}% 11
\BOOKMARK [3][-]{subsubsection.3.1.4}{Flux Calculation}{subsection.3.1}% 12
\BOOKMARK [2][-]{subsection.3.2}{Transit Model: TransitFluxModulator}{section.3}% 13
\BOOKMARK [3][-]{subsubsection.3.2.1}{Limb Darkening}{subsection.3.2}% 14
\BOOKMARK [2][-]{subsection.3.3}{Stellar Noise: StellarNoiseFluxModulator}{section.3}% 15
\BOOKMARK [2][-]{subsection.3.4}{Stellar Variation: StellarVariationFluxModulator}{section.3}% 16
\BOOKMARK [2][-]{subsection.3.5}{User Flux Fime Series: UserFluxModifier}{section.3}% 17
\BOOKMARK [2][-]{subsection.3.6}{Zodiacal Light: ZodiacalLightGenerator}{section.3}% 18
\BOOKMARK [2][-]{subsection.3.7}{Stray Light: StrayLightGenerator}{section.3}% 19
\BOOKMARK [1][-]{section.4}{Satellite Simulator}{}% 20
\BOOKMARK [2][-]{subsection.4.1}{Jitter Model: JitterProducer}{section.4}% 21
\BOOKMARK [2][-]{subsection.4.2}{Orbit Model: OrbitSimulator}{section.4}% 22
\BOOKMARK [3][-]{subsubsection.4.2.1}{Orbit Trajectory, Pointing Jitter and Roll Angle}{subsection.4.2}% 23
\BOOKMARK [3][-]{subsubsection.4.2.2}{South Atlantic Anomaly \(SAA\) Flag, angles to Sun, Moon and Earth Limb, and Earth Occultation Flag}{subsection.4.2}% 24
\BOOKMARK [3][-]{subsubsection.4.2.3}{Temperature Models}{subsection.4.2}% 25
\BOOKMARK [1][-]{section.5}{Telescope Simulator}{}% 26
\BOOKMARK [2][-]{subsection.5.1}{Focal Plane Projection: FocalPlaneGenerator}{section.5}% 27
\BOOKMARK [2][-]{subsection.5.2}{PSF Model: PSFGenerator}{section.5}% 28
\BOOKMARK [3][-]{subsubsection.5.2.1}{In flight measured PSFs}{subsection.5.2}% 29
\BOOKMARK [3][-]{subsubsection.5.2.2}{Pre-launch laboratory measured PSFs}{subsection.5.2}% 30
\BOOKMARK [3][-]{subsubsection.5.2.3}{Synthetic PSFs}{subsection.5.2}% 31
\BOOKMARK [3][-]{subsubsection.5.2.4}{User provided PSF}{subsection.5.2}% 32
\BOOKMARK [3][-]{subsubsection.5.2.5}{Temperature Dependence}{subsection.5.2}% 33
\BOOKMARK [3][-]{subsubsection.5.2.6}{Sub-Pixel Positioning of the PSF}{subsection.5.2}% 34
\BOOKMARK [3][-]{subsubsection.5.2.7}{Temporal Oversampling of Jitter and FOV Rotation}{subsection.5.2}% 35
\BOOKMARK [3][-]{subsubsection.5.2.8}{Integrated Flux Normalization}{subsection.5.2}% 36
\BOOKMARK [3][-]{subsubsection.5.2.9}{Extension of PSF tails}{subsection.5.2}% 37
\BOOKMARK [3][-]{subsubsection.5.2.10}{Input Parameters}{subsection.5.2}% 38
\BOOKMARK [2][-]{subsection.5.3}{Halo Model \(Scatter and Ghosts\): HaloGenerator}{section.5}% 39
\BOOKMARK [2][-]{subsection.5.4}{Optical Throughput and Quantum Efficiency: GlobalThroughputGenerator}{section.5}% 40
\BOOKMARK [1][-]{section.6}{Detector Simulator}{}% 41
\BOOKMARK [2][-]{subsection.6.1}{Flat Field: FlatFieldGenerator}{section.6}% 42
\BOOKMARK [3][-]{subsubsection.6.1.1}{Simulation of Dead Pixels}{subsection.6.1}% 43
\BOOKMARK [2][-]{subsection.6.2}{Dark Current: DarkCurrentGenerator}{section.6}% 44
\BOOKMARK [3][-]{subsubsection.6.2.1}{Random Simulation of Hot and Warm Pixels}{subsection.6.2}% 45
\BOOKMARK [3][-]{subsubsection.6.2.2}{Random Simulation of Telegraphic Pixels}{subsection.6.2}% 46
\BOOKMARK [3][-]{subsubsection.6.2.3}{Manual Simulation of Hot/Warm/Telegraphic Pixels}{subsection.6.2}% 47
\BOOKMARK [2][-]{subsection.6.3}{Frame Transfer Smearing: FrameTransferSmearer}{section.6}% 48
\BOOKMARK [2][-]{subsection.6.4}{Shot Noise: ShotNoiseGenerator}{section.6}% 49
\BOOKMARK [2][-]{subsection.6.5}{CosmicRays: CosmicRayGenerator}{section.6}% 50
\BOOKMARK [3][-]{subsubsection.6.5.1}{Rate}{subsection.6.5}% 51
\BOOKMARK [3][-]{subsubsection.6.5.2}{Geometric Model}{subsection.6.5}% 52
\BOOKMARK [2][-]{subsection.6.6}{Full Well Saturation: FullWellSimulator}{section.6}% 53
\BOOKMARK [3][-]{subsubsection.6.6.1}{Relation to ADC Saturation}{subsection.6.6}% 54
\BOOKMARK [2][-]{subsection.6.7}{Charge Transfer Efficiency: ChargeTransferSimulator}{section.6}% 55
\BOOKMARK [3][-]{subsubsection.6.7.1}{CTI at Beginning of Life}{subsection.6.7}% 56
\BOOKMARK [3][-]{subsubsection.6.7.2}{CTI at End of Life}{subsection.6.7}% 57
\BOOKMARK [2][-]{subsection.6.8}{Electronic Bias and Gain: BiasGenerator}{section.6}% 58
\BOOKMARK [3][-]{subsubsection.6.8.1}{Gain Dependence on Bias Voltages \(Analog Electronics Stability\)}{subsection.6.8}% 59
\BOOKMARK [3][-]{subsubsection.6.8.2}{Gain Non-Linearity}{subsection.6.8}% 60
\BOOKMARK [3][-]{subsubsection.6.8.3}{Bias Offset and Read Noise}{subsection.6.8}% 61
\BOOKMARK [3][-]{subsubsection.6.8.4}{Conversion from Electrons to ADU}{subsection.6.8}% 62
\BOOKMARK [1][-]{section.7}{Output}{}% 63
\BOOKMARK [2][-]{subsection.7.1}{Image Writing: ImageWriter}{section.7}% 64
\BOOKMARK [3][-]{subsubsection.7.1.1}{Omission of images during Earth occultation, high stray light, and SAA}{subsection.7.1}% 65
\BOOKMARK [3][-]{subsubsection.7.1.2}{CCD Margins: Dark, Blank and Overscan Reference Columns and Rows}{subsection.7.1}% 66
\BOOKMARK [3][-]{subsubsection.7.1.3}{Truth Information}{subsection.7.1}% 67
\BOOKMARK [2][-]{subsection.7.2}{Houskeeping Data Writing: HKWriter}{section.7}% 68
\BOOKMARK [2][-]{subsection.7.3}{Photometry: DataReduction}{section.7}% 69
\BOOKMARK [3][-]{subsubsection.7.3.1}{Flat Field Correction}{subsection.7.3}% 70
\BOOKMARK [3][-]{subsubsection.7.3.2}{Noise Curve Generation}{subsection.7.3}% 71
